<?xml version="1.0" encoding="UTF-8"?>
<!-- Generated by org.testng.reporters.JUnitXMLReporter -->
<testsuite hostname="ADITI-TOSH" ignored="14" name="All Valid Data Username Exist :: 07" tests="1" failures="1" timestamp="16 Oct 2018 07:24:41 GMT" time="41.318" errors="0">
  <testcase name="usernamealreadyexist" time="30.021" classname="com.index.GeneralIndex">
    <failure type="org.openqa.selenium.NoSuchElementException" message="no such element: Unable to locate element: {&amp;quot;method&amp;quot;:&amp;quot;xpath&amp;quot;,&amp;quot;selector&amp;quot;:&amp;quot;//a[@title=&amp;apos;About us&amp;apos;]&amp;quot;}
  (Session info: chrome=69.0.3497.100)
  (Driver info: chromedriver=2.40.565498 (ea082db3280dd6843ebfb08a625e3eb905c4f5ab),platform=Windows NT 6.1.7601 SP1 x86_64) (WARNING: The server did not provide any stacktrace information)
Command duration or timeout: 0 milliseconds
For documentation on this error, please visit: http://seleniumhq.org/exceptions/no_such_element.html
Build info: version: &amp;apos;3.13.0&amp;apos;, revision: &amp;apos;2f0d292&amp;apos;, time: &amp;apos;2018-06-25T15:24:21.231Z&amp;apos;
System info: host: &amp;apos;ADITI-TOSH&amp;apos;, ip: &amp;apos;192.168.1.160&amp;apos;, os.name: &amp;apos;Windows 7&amp;apos;, os.arch: &amp;apos;amd64&amp;apos;, os.version: &amp;apos;6.1&amp;apos;, java.version: &amp;apos;1.8.0-ea&amp;apos;
Driver info: org.openqa.selenium.chrome.ChromeDriver
Capabilities {acceptInsecureCerts: false, acceptSslCerts: false, applicationCacheEnabled: false, browserConnectionEnabled: false, browserName: chrome, chrome: {chromedriverVersion: 2.40.565498 (ea082db3280dd6..., userDataDir: C:\Users\ADITI\AppData\Loca...}, cssSelectorsEnabled: true, databaseEnabled: false, handlesAlerts: true, hasTouchScreen: false, javascriptEnabled: true, locationContextEnabled: true, mobileEmulationEnabled: false, nativeEvents: true, networkConnectionEnabled: false, pageLoadStrategy: normal, platform: XP, platformName: XP, rotatable: false, setWindowRect: true, takesHeapSnapshot: true, takesScreenshot: true, unexpectedAlertBehaviour: , unhandledPromptBehavior: , version: 69.0.3497.100, webStorageEnabled: true}
Session ID: f53879717268b8d42caeb78456a05d31
*** Element info: {Using=xpath, value=//a[@title=&amp;apos;About us&amp;apos;]}">
      <![CDATA[org.openqa.selenium.NoSuchElementException: no such element: Unable to locate element: {"method":"xpath","selector":"//a[@title='About us']"}
  (Session info: chrome=69.0.3497.100)
  (Driver info: chromedriver=2.40.565498 (ea082db3280dd6843ebfb08a625e3eb905c4f5ab),platform=Windows NT 6.1.7601 SP1 x86_64) (WARNING: The server did not provide any stacktrace information)
Command duration or timeout: 0 milliseconds
For documentation on this error, please visit: http://seleniumhq.org/exceptions/no_such_element.html
Build info: version: '3.13.0', revision: '2f0d292', time: '2018-06-25T15:24:21.231Z'
System info: host: 'ADITI-TOSH', ip: '192.168.1.160', os.name: 'Windows 7', os.arch: 'amd64', os.version: '6.1', java.version: '1.8.0-ea'
Driver info: org.openqa.selenium.chrome.ChromeDriver
Capabilities {acceptInsecureCerts: false, acceptSslCerts: false, applicationCacheEnabled: false, browserConnectionEnabled: false, browserName: chrome, chrome: {chromedriverVersion: 2.40.565498 (ea082db3280dd6..., userDataDir: C:\Users\ADITI\AppData\Loca...}, cssSelectorsEnabled: true, databaseEnabled: false, handlesAlerts: true, hasTouchScreen: false, javascriptEnabled: true, locationContextEnabled: true, mobileEmulationEnabled: false, nativeEvents: true, networkConnectionEnabled: false, pageLoadStrategy: normal, platform: XP, platformName: XP, rotatable: false, setWindowRect: true, takesHeapSnapshot: true, takesScreenshot: true, unexpectedAlertBehaviour: , unhandledPromptBehavior: , version: 69.0.3497.100, webStorageEnabled: true}
Session ID: f53879717268b8d42caeb78456a05d31
*** Element info: {Using=xpath, value=//a[@title='About us']}
at org.openqa.selenium.remote.ErrorHandler.createThrowable(ErrorHandler.java:214)
at org.openqa.selenium.remote.ErrorHandler.throwIfResponseFailed(ErrorHandler.java:166)
at org.openqa.selenium.remote.http.JsonHttpResponseCodec.reconstructValue(JsonHttpResponseCodec.java:40)
at org.openqa.selenium.remote.http.AbstractHttpResponseCodec.decode(AbstractHttpResponseCodec.java:80)
at org.openqa.selenium.remote.http.AbstractHttpResponseCodec.decode(AbstractHttpResponseCodec.java:44)
at org.openqa.selenium.remote.HttpCommandExecutor.execute(HttpCommandExecutor.java:158)
at org.openqa.selenium.remote.service.DriverCommandExecutor.execute(DriverCommandExecutor.java:83)
at org.openqa.selenium.remote.RemoteWebDriver.execute(RemoteWebDriver.java:548)
at org.openqa.selenium.remote.RemoteWebDriver.findElement(RemoteWebDriver.java:322)
at org.openqa.selenium.remote.RemoteWebDriver.findElementByXPath(RemoteWebDriver.java:424)
at org.openqa.selenium.By$ByXPath.findElement(By.java:353)
at org.openqa.selenium.remote.RemoteWebDriver.findElement(RemoteWebDriver.java:314)
at com.verification.GeneralVerification.verifyhomepage(GeneralVerification.java:32)
at com.index.GeneralIndex.usernamealreadyexist(GeneralIndex.java:349)
at java.util.concurrent.FutureTask.run(FutureTask.java:266)
at java.util.concurrent.ThreadPoolExecutor.runWorker(ThreadPoolExecutor.java:1142)
at java.util.concurrent.ThreadPoolExecutor$Worker.run(ThreadPoolExecutor.java:617)
at java.lang.Thread.run(Thread.java:744)
... Removed 20 stack frames]]>
    </failure>
  </testcase> <!-- usernamealreadyexist -->
  <testcase name="purchaseorcheckout" time="0.0" classname="com.index.GeneralIndex">
    <ignored/>
  </testcase> <!-- purchaseorcheckout -->
  <testcase name="addproducttocartandcheckout" time="0.0" classname="com.index.GeneralIndex">
    <ignored/>
  </testcase> <!-- addproducttocartandcheckout -->
  <testcase name="emailidalreadyexist" time="0.0" classname="com.index.GeneralIndex">
    <ignored/>
  </testcase> <!-- emailidalreadyexist -->
  <testcase name="blankfields" time="0.0" classname="com.index.GeneralIndex">
    <ignored/>
  </testcase> <!-- blankfields -->
  <testcase name="password_minimum_length" time="0.0" classname="com.index.GeneralIndex">
    <ignored/>
  </testcase> <!-- password_minimum_length -->
  <testcase name="passwordnotmatch" time="0.0" classname="com.index.GeneralIndex">
    <ignored/>
  </testcase> <!-- passwordnotmatch -->
  <testcase name="phonefield_minimum_length" time="0.0" classname="com.index.GeneralIndex">
    <ignored/>
  </testcase> <!-- phonefield_minimum_length -->
  <testcase name="esign_createpackage_borrowerGuarantorRelashioshipmanager" time="0.0" classname="com.index.GeneralIndex">
    <ignored/>
  </testcase> <!-- esign_createpackage_borrowerGuarantorRelashioshipmanager -->
  <testcase name="allvaliddata" time="0.0" classname="com.index.GeneralIndex">
    <ignored/>
  </testcase> <!-- allvaliddata -->
  <testcase name="invalidemailid" time="0.0" classname="com.index.GeneralIndex">
    <ignored/>
  </testcase> <!-- invalidemailid -->
  <testcase name="register_med_max" time="0.0" classname="com.index.GeneralIndex">
    <ignored/>
  </testcase> <!-- register_med_max -->
  <testcase name="esign_loginwithvalidcredentials" time="0.0" classname="com.index.GeneralIndex">
    <ignored/>
  </testcase> <!-- esign_loginwithvalidcredentials -->
  <testcase name="esign_createpackage_borroweronly" time="0.0" classname="com.index.GeneralIndex">
    <ignored/>
  </testcase> <!-- esign_createpackage_borroweronly -->
  <testcase name="TC_DB_01" time="0.0" classname="com.index.GeneralIndex">
    <ignored/>
  </testcase> <!-- TC_DB_01 -->
</testsuite> <!-- All Valid Data Username Exist :: 07 -->
