<?xml version="1.0" encoding="UTF-8"?>
<!-- Generated by org.testng.reporters.JUnitXMLReporter -->
<testsuite hostname="ADITI-TOSH" ignored="14" name="Minimum Length Validation Messages for phone field :: 03" tests="1" failures="0" timestamp="16 Oct 2018 07:21:53 GMT" time="8.363" errors="0">
  <testcase name="@BeforeMethod setUp" time="8.342" classname="com.init.SeleniumInit">
    <failure type="org.openqa.selenium.SessionNotCreatedException" message="session not created exception
from chrome not reachable
  (Session info: chrome=69.0.3497.100)
  (Driver info: chromedriver=2.40.565498 (ea082db3280dd6843ebfb08a625e3eb905c4f5ab),platform=Windows NT 6.1.7601 SP1 x86_64) (WARNING: The server did not provide any stacktrace information)
Command duration or timeout: 7.73 seconds
Build info: version: &amp;apos;3.13.0&amp;apos;, revision: &amp;apos;2f0d292&amp;apos;, time: &amp;apos;2018-06-25T15:24:21.231Z&amp;apos;
System info: host: &amp;apos;ADITI-TOSH&amp;apos;, ip: &amp;apos;192.168.1.160&amp;apos;, os.name: &amp;apos;Windows 7&amp;apos;, os.arch: &amp;apos;amd64&amp;apos;, os.version: &amp;apos;6.1&amp;apos;, java.version: &amp;apos;1.8.0-ea&amp;apos;
Driver info: driver.version: ChromeDriver">
      <![CDATA[org.openqa.selenium.SessionNotCreatedException: session not created exception
from chrome not reachable
  (Session info: chrome=69.0.3497.100)
  (Driver info: chromedriver=2.40.565498 (ea082db3280dd6843ebfb08a625e3eb905c4f5ab),platform=Windows NT 6.1.7601 SP1 x86_64) (WARNING: The server did not provide any stacktrace information)
Command duration or timeout: 7.73 seconds
Build info: version: '3.13.0', revision: '2f0d292', time: '2018-06-25T15:24:21.231Z'
System info: host: 'ADITI-TOSH', ip: '192.168.1.160', os.name: 'Windows 7', os.arch: 'amd64', os.version: '6.1', java.version: '1.8.0-ea'
Driver info: driver.version: ChromeDriver
at org.openqa.selenium.remote.ErrorHandler.createThrowable(ErrorHandler.java:214)
at org.openqa.selenium.remote.ErrorHandler.throwIfResponseFailed(ErrorHandler.java:166)
at org.openqa.selenium.remote.JsonWireProtocolResponse.lambda$new$0(JsonWireProtocolResponse.java:53)
at org.openqa.selenium.remote.JsonWireProtocolResponse$$Lambda$196.apply(Unknown Source)
at org.openqa.selenium.remote.JsonWireProtocolResponse.lambda$getResponseFunction$2(JsonWireProtocolResponse.java:91)
at org.openqa.selenium.remote.JsonWireProtocolResponse$$Lambda$198.apply(Unknown Source)
at org.openqa.selenium.remote.ProtocolHandshake.lambda$createSession$0(ProtocolHandshake.java:123)
at org.openqa.selenium.remote.ProtocolHandshake$$Lambda$205.apply(Unknown Source)
at java.util.stream.ReferencePipeline$3$1.accept(ReferencePipeline.java:193)
at java.util.Spliterators$ArraySpliterator.tryAdvance(Spliterators.java:958)
at java.util.stream.ReferencePipeline.forEachWithCancel(ReferencePipeline.java:126)
at java.util.stream.AbstractPipeline.copyIntoWithCancel(AbstractPipeline.java:529)
at java.util.stream.AbstractPipeline.copyInto(AbstractPipeline.java:516)
at java.util.stream.AbstractPipeline.wrapAndCopyInto(AbstractPipeline.java:502)
at java.util.stream.FindOps$FindOp.evaluateSequential(FindOps.java:152)
at java.util.stream.AbstractPipeline.evaluate(AbstractPipeline.java:234)
at java.util.stream.ReferencePipeline.findFirst(ReferencePipeline.java:464)
at org.openqa.selenium.remote.ProtocolHandshake.createSession(ProtocolHandshake.java:126)
at org.openqa.selenium.remote.ProtocolHandshake.createSession(ProtocolHandshake.java:73)
at org.openqa.selenium.remote.HttpCommandExecutor.execute(HttpCommandExecutor.java:136)
at org.openqa.selenium.remote.service.DriverCommandExecutor.execute(DriverCommandExecutor.java:83)
at org.openqa.selenium.remote.RemoteWebDriver.execute(RemoteWebDriver.java:548)
at org.openqa.selenium.remote.RemoteWebDriver.startSession(RemoteWebDriver.java:212)
at org.openqa.selenium.remote.RemoteWebDriver.<init>(RemoteWebDriver.java:130)
at org.openqa.selenium.chrome.ChromeDriver.<init>(ChromeDriver.java:181)
at org.openqa.selenium.chrome.ChromeDriver.<init>(ChromeDriver.java:168)
at org.openqa.selenium.chrome.ChromeDriver.<init>(ChromeDriver.java:123)
at com.init.SeleniumInit.setUp(SeleniumInit.java:238)
at java.util.concurrent.FutureTask.run(FutureTask.java:266)
at java.util.concurrent.ThreadPoolExecutor.runWorker(ThreadPoolExecutor.java:1142)
at java.util.concurrent.ThreadPoolExecutor$Worker.run(ThreadPoolExecutor.java:617)
at java.lang.Thread.run(Thread.java:744)
... Removed 23 stack frames]]>
    </failure>
  </testcase> <!-- @BeforeMethod setUp -->
  <testcase name="password_minimum_length" time="0.0" classname="com.index.GeneralIndex">
    <skipped/>
  </testcase> <!-- password_minimum_length -->
  <testcase name="purchaseorcheckout" time="0.0" classname="com.index.GeneralIndex">
    <ignored/>
  </testcase> <!-- purchaseorcheckout -->
  <testcase name="usernamealreadyexist" time="0.0" classname="com.index.GeneralIndex">
    <ignored/>
  </testcase> <!-- usernamealreadyexist -->
  <testcase name="addproducttocartandcheckout" time="0.0" classname="com.index.GeneralIndex">
    <ignored/>
  </testcase> <!-- addproducttocartandcheckout -->
  <testcase name="emailidalreadyexist" time="0.0" classname="com.index.GeneralIndex">
    <ignored/>
  </testcase> <!-- emailidalreadyexist -->
  <testcase name="blankfields" time="0.0" classname="com.index.GeneralIndex">
    <ignored/>
  </testcase> <!-- blankfields -->
  <testcase name="passwordnotmatch" time="0.0" classname="com.index.GeneralIndex">
    <ignored/>
  </testcase> <!-- passwordnotmatch -->
  <testcase name="phonefield_minimum_length" time="0.0" classname="com.index.GeneralIndex">
    <ignored/>
  </testcase> <!-- phonefield_minimum_length -->
  <testcase name="esign_createpackage_borrowerGuarantorRelashioshipmanager" time="0.0" classname="com.index.GeneralIndex">
    <ignored/>
  </testcase> <!-- esign_createpackage_borrowerGuarantorRelashioshipmanager -->
  <testcase name="allvaliddata" time="0.0" classname="com.index.GeneralIndex">
    <ignored/>
  </testcase> <!-- allvaliddata -->
  <testcase name="invalidemailid" time="0.0" classname="com.index.GeneralIndex">
    <ignored/>
  </testcase> <!-- invalidemailid -->
  <testcase name="register_med_max" time="0.0" classname="com.index.GeneralIndex">
    <ignored/>
  </testcase> <!-- register_med_max -->
  <testcase name="esign_loginwithvalidcredentials" time="0.0" classname="com.index.GeneralIndex">
    <ignored/>
  </testcase> <!-- esign_loginwithvalidcredentials -->
  <testcase name="esign_createpackage_borroweronly" time="0.0" classname="com.index.GeneralIndex">
    <ignored/>
  </testcase> <!-- esign_createpackage_borroweronly -->
  <testcase name="TC_DB_01" time="0.0" classname="com.index.GeneralIndex">
    <ignored/>
  </testcase> <!-- TC_DB_01 -->
</testsuite> <!-- Minimum Length Validation Messages for phone field :: 03 -->
